<?xml version="1.0" encoding="UTF-8"?>
<!-- Generated by org.testng.reporters.JUnitReportReporter -->
<testsuite hostname="DESKTOP-HM27A8M" failures="0" tests="1" name="com.projectactitime.testscript.CustomerModule" time="29.969" errors="0" timestamp="2023-10-05T19:57:12 IST" skipped="0">
  <testcase classname="com.projectactitime.testscript.CustomerModule" name="customer" time="29.969"/>
  <system-out>
    <![CDATA[CustomerModule]]>
  </system-out>
</testsuite> <!-- com.projectactitime.testscript.CustomerModule -->
